[2026-04-21T03:37:50.892Z] 开始执行天气提醒任务
[2026-04-21T03:37:50.896Z] 正在获取天气数据
[2026-04-21T03:37:51.476Z] 天气数据获取成功
[2026-04-21T03:37:51.477Z] 正在发送钉钉消息
[2026-04-21T03:37:51.752Z] 钉钉消息发送成功
[2026-04-21T03:37:51.754Z] 天气提醒任务执行成功
[2026-04-21T03:42:28.502Z] 开始执行天气提醒任务
[2026-04-21T03:42:28.505Z] 正在获取天气数据
[2026-04-21T03:42:28.969Z] 天气数据获取成功
[2026-04-21T03:42:28.971Z] 正在发送钉钉消息
[2026-04-21T03:42:29.222Z] 钉钉消息发送成功
[2026-04-21T03:42:29.223Z] 天气提醒任务执行成功
[2026-04-21T04:00:57.483Z] 开始执行天气提醒任务
[2026-04-21T04:00:57.491Z] 正在获取天气数据
[2026-04-21T04:00:58.079Z] 天气数据获取成功
[2026-04-21T04:00:58.086Z] 正在发送钉钉消息
[2026-04-21T04:00:58.276Z] 钉钉消息发送成功
[2026-04-21T04:00:58.281Z] 天气提醒任务执行成功
[2026-04-21T04:02:55.320Z] 开始执行天气提醒任务
[2026-04-21T04:02:55.323Z] 正在获取天气数据
[2026-04-21T04:02:55.950Z] 天气数据获取成功
[2026-04-21T04:02:55.952Z] 正在发送钉钉消息
[2026-04-21T04:02:56.121Z] 钉钉消息发送成功
[2026-04-21T04:02:56.124Z] 天气提醒任务执行成功
